
Xvnc TigerVNC 1.13.1 - built 2024-04-01 08:26
Copyright (C) 1999-2022 TigerVNC Team and many others (see README.rst)
See https://www.tigervnc.org for information on TigerVNC.
Underlying X server release 12101011


Sun May 11 17:24:11 2025
 vncext:      VNC extension running!
 vncext:      Listening for VNC connections on all interface(s), port 5901
 vncext:      created VNC server for screen 0
3NI3X0 New Xtigervnc server 'controlplane:1 (root)' on port 5901 for display :1.
3NI3X0 Use xtigervncviewer -SecurityTypes None controlplane:1 to connect to the VNC server.
/usr/bin/startxfce4: X server already running on display :1
The XKEYBOARD keymap compiler (xkbcomp) reports:
> Warning:          Could not resolve keysym XF86CameraAccessEnable
> Warning:          Could not resolve keysym XF86CameraAccessDisable
> Warning:          Could not resolve keysym XF86CameraAccessToggle
> Warning:          Could not resolve keysym XF86NextElement
> Warning:          Could not resolve keysym XF86PreviousElement
> Warning:          Could not resolve keysym XF86AutopilotEngageToggle
> Warning:          Could not resolve keysym XF86MarkWaypoint
> Warning:          Could not resolve keysym XF86Sos
> Warning:          Could not resolve keysym XF86NavChart
> Warning:          Could not resolve keysym XF86FishingChart
> Warning:          Could not resolve keysym XF86SingleRangeRadar
> Warning:          Could not resolve keysym XF86DualRangeRadar
> Warning:          Could not resolve keysym XF86RadarOverlay
> Warning:          Could not resolve keysym XF86TraditionalSonar
> Warning:          Could not resolve keysym XF86ClearvuSonar
> Warning:          Could not resolve keysym XF86SidevuSonar
> Warning:          Could not resolve keysym XF86NavInfo
Errors from xkbcomp are not fatal to the X server
[mi] mieq: warning: overriding existing handler (nil) with 0x5f8b028c9580 for event 2
[mi] mieq: warning: overriding existing handler (nil) with 0x5f8b028c9580 for event 3
error: XDG_RUNTIME_DIR is invalid or not set in the environment.
gpg-agent[37911]: directory '/root/.gnupg' created
gpg-agent[37911]: directory '/root/.gnupg/private-keys-v1.d' created
gpg-agent[37912]: gpg-agent (GnuPG) 2.4.4 started
error: XDG_RUNTIME_DIR is invalid or not set in the environment.

(xfwm4:37913): xfwm4-WARNING **: 17:24:11.724: Unsupported GL renderer (llvmpipe (LLVM 19.1.1, 256 bits)).

** (light-locker:37948): ERROR **: 17:24:12.416: session_id is not set, is /proc mounted with hidepid>0?
Connection failure: Connection refused
pa_context_connect() failed: Connection refused

(polkit-gnome-authentication-agent-1:37958): polkit-gnome-1-WARNING **: 17:24:12.498: Unable to determine the session we are in: No session for pid 37958
xfce4-panel-Message: 17:24:12.726: Plugin "(null)-4" was not found and has been removed from the configuration

** (xiccd:37951): WARNING **: 17:24:12.794: EDID is empty
Xlib:  extension "DPMS" missing on display ":1.0".

(xfce4-power-manager:37995): xfce4-power-manager-WARNING **: 17:24:13.358: Monitor is not DPMS capable
xfce4-panel-Message: 17:24:15.385: Plugin "(null)-19" was not found and has been removed from the configuration

(wrapper-2.0:38032): xfce4-power-manager-plugin-WARNING **: 17:24:16.223: Xfce4-power-manager: The panel plugin is present, so the tray icon gets disabled.
Killing Xtigervnc process ID 37865...xfsettingsd: Another instance took over. Leaving...

(Thunar:37936): thunar-WARNING **: 17:34:44.466: Name 'org.xfce.FileManager' lost on the message dbus.

(Thunar:37936): thunar-WARNING **: 17:34:44.466: Name 'org.freedesktop.FileManager1' lost on the message dbus.
Another notification daemon is running, exiting
Another notification daemon is running, exiting

(xfce4-power-manager:37995): libxfce4ui-WARNING **: 17:34:44.473: ICE I/O Error

(xfce4-power-manager:37995): libxfce4ui-WARNING **: 17:34:44.473: Disconnected from session manager.

** (xiccd:37951): WARNING **: 17:34:44.475: Exiting

** (xfce4-power-manager:37995): WARNING **: 17:34:44.481: Error: The connection is closed


** (xfce4-power-manager:37995): WARNING **: 17:34:44.481: Error: The connection is closed

XIO:  fatal IO error 25 (Inappropriate ioctl for device) on X server ":1.0"
      after 25 requests (25 known processed) with 0 events remaining.

Sun May 11 17:34:44 2025
 ComparingUpdateTracker: 0 pixels in / 0 pixels out
 ComparingUpdateTracker: (1:-nan ratio)
 success!

Xvnc TigerVNC 1.13.1 - built 2024-04-01 08:26
Copyright (C) 1999-2022 TigerVNC Team and many others (see README.rst)
See https://www.tigervnc.org for information on TigerVNC.
Underlying X server release 12101011


Mon Jun  9 05:15:59 2025
 vncext:      VNC extension running!
 vncext:      Listening for VNC connections on all interface(s), port 5901
 vncext:      created VNC server for screen 0
The XKEYBOARD keymap compiler (xkbcomp) reports:
> Warning:          Could not resolve keysym XF86CameraAccessEnable
> Warning:          Could not resolve keysym XF86CameraAccessDisable
> Warning:          Could not resolve keysym XF86CameraAccessToggle
> Warning:          Could not resolve keysym XF86NextElement
> Warning:          Could not resolve keysym XF86PreviousElement
> Warning:          Could not resolve keysym XF86AutopilotEngageToggle
> Warning:          Could not resolve keysym XF86MarkWaypoint
> Warning:          Could not resolve keysym XF86Sos
> Warning:          Could not resolve keysym XF86NavChart
> Warning:          Could not resolve keysym XF86FishingChart
> Warning:          Could not resolve keysym XF86SingleRangeRadar
> Warning:          Could not resolve keysym XF86DualRangeRadar
> Warning:          Could not resolve keysym XF86RadarOverlay
> Warning:          Could not resolve keysym XF86TraditionalSonar
> Warning:          Could not resolve keysym XF86ClearvuSonar
> Warning:          Could not resolve keysym XF86SidevuSonar
> Warning:          Could not resolve keysym XF86NavInfo
Errors from xkbcomp are not fatal to the X server
[mi] mieq: warning: overriding existing handler (nil) with 0x6101e0db3580 for event 2
[mi] mieq: warning: overriding existing handler (nil) with 0x6101e0db3580 for event 3
3NI3X0 New Xtigervnc server 'controlplane:1 (root)' on port 5901 for display :1.
3NI3X0 Use xtigervncviewer -SecurityTypes None controlplane:1 to connect to the VNC server.
/usr/bin/startxfce4: X server already running on display :1
error: XDG_RUNTIME_DIR is invalid or not set in the environment.
error: XDG_RUNTIME_DIR is invalid or not set in the environment.

(xfwm4:2571): xfwm4-WARNING **: 05:16:00.123: Unsupported GL renderer (llvmpipe (LLVM 19.1.1, 256 bits)).
Connection failure: Connection refused
pa_context_connect() failed: Connection refused

** (xiccd:2705): WARNING **: 05:16:01.582: EDID is empty

** (light-locker:2702): ERROR **: 05:16:01.672: session_id is not set, is /proc mounted with hidepid>0?

** (xiccd:2705): CRITICAL **: 05:16:01.888: device 'xrandr-default' does not exist

(polkit-gnome-authentication-agent-1:2710): polkit-gnome-1-WARNING **: 05:16:02.043: Unable to determine the session we are in: No session for pid 2710
Xlib:  extension "DPMS" missing on display ":1.0".

(xfce4-power-manager:2765): xfce4-power-manager-WARNING **: 05:16:02.348: Monitor is not DPMS capable
Killing Xtigervnc process ID 2502...
** (xiccd:2705): WARNING **: 05:18:57.414: Exiting

(xfce4-power-manager:2765): libxfce4ui-WARNING **: 05:18:57.415: ICE I/O Error

(xfce4-power-manager:2765): libxfce4ui-WARNING **: 05:18:57.415: Disconnected from session manager.
xfsettingsd: Another instance took over. Leaving...

(Thunar:2658): thunar-WARNING **: 05:18:57.418: Name 'org.xfce.FileManager' lost on the message dbus.

(Thunar:2658): thunar-WARNING **: 05:18:57.419: Name 'org.freedesktop.FileManager1' lost on the message dbus.
Another notification daemon is running, exiting
Another notification daemon is running, exiting

** (xfce4-power-manager:2765): WARNING **: 05:18:57.430: Error: The connection is closed


** (xfce4-power-manager:2765): WARNING **: 05:18:57.430: Error: The connection is closed

XIO:  fatal IO error 25 (Inappropriate ioctl for device) on X server ":1.0"
      after 25 requests (25 known processed) with 0 events remaining.

Mon Jun  9 05:18:57 2025
 ComparingUpdateTracker: 0 pixels in / 0 pixels out
 ComparingUpdateTracker: (1:-nan ratio)
 success!
